2023-09-30 19:44:28,444 - L'ID de la vidéo YouTube est requis.
2023-09-30 19:45:53,410 - Erreur lors de la publication de la vidéo: regex_search: could not find match for (?:v=|\/)([0-9A-Za-z_-]{11}).*
2023-09-30 19:46:27,389 - Erreur lors de la publication de la vidéo: 'items'
2023-09-30 19:48:52,161 - Erreur lors de la publication de la vidéo: 'items'
2023-09-30 19:52:32,355 - Erreur lors de la publication de la vidéo: 'items'
2023-09-30 19:54:00,184 - Erreur lors de la publication de la vidéo: 'items'
2023-09-30 20:07:32,323 - Échec de la publication de la vidéo sur la page Facebook. Détails de l'erreur: {"error":{"message":"Invalid OAuth access token - Cannot parse access token","type":"OAuthException","code":190,"fbtrace_id":"AgzozLYQLP3sAaF0WIZ7i3-"}}
2023-09-30 20:07:32,520 - Échec de l’initialisation de la publication du Reel sur la page Facebook. Détails de l'erreur: {"error":{"message":"Invalid OAuth access token - Cannot parse access token","type":"OAuthException","code":190,"fbtrace_id":"AeShq4EnJ9nsuTqnKlg3p79"}}
2023-09-30 20:07:32,720 - Échec de la création du conteneur Instagram. Détails de l'erreur: {"error":{"message":"Invalid OAuth access token - Cannot parse access token","type":"OAuthException","code":190,"fbtrace_id":"ATCH_VZxFqvk6JPcp-KGd_f"}}
2023-09-30 20:07:32,966 - Échec de l’initialisation de la publication sur TikTok. Détails de l'erreur: {"data":{},"error":{"code":"access_token_invalid","message":"The access token is invalid or not found in the request.","log_id":"20230930180732420E325D3194DE77EE69"}}
2023-09-30 20:08:36,106 - Échec de la création du conteneur Instagram. Détails de l'erreur: {"error":{"message":"Invalid OAuth access token - Cannot parse access token","type":"OAuthException","code":190,"fbtrace_id":"A3htF7A4In1cCZFjeDNovo-"}}
2023-09-30 20:08:36,308 - Échec de l’initialisation de la publication sur TikTok. Détails de l'erreur: {"data":{},"error":{"code":"access_token_invalid","message":"The access token is invalid or not found in the request.","log_id":"2023093018083679C684D143D01776B036"}}
2023-09-30 20:11:18,717 - L'ID de la vidéo YouTube est requis.
2023-09-30 20:11:37,795 - Échec de l’initialisation de la publication sur TikTok. Détails de l'erreur: {"error":{"code":"access_token_invalid","message":"The access token is invalid or not found in the request.","log_id":"20230930181137D174BC5A19C7A4786744"},"data":{}}
2023-09-30 20:13:15,388 - Échec de la création du conteneur Instagram. Détails de l'erreur: {"error":{"message":"Invalid OAuth access token - Cannot parse access token","type":"OAuthException","code":190,"fbtrace_id":"AOy25rK2lW8OajSCOtr2UzE"}}
2023-09-30 20:13:15,646 - Échec de l’initialisation de la publication sur TikTok. Détails de l'erreur: {"data":{},"error":{"code":"access_token_invalid","message":"The access token is invalid or not found in the request.","log_id":"202309301813156C3C42959E070D778237"}}
2023-09-30 20:15:07,094 - Échec de l’initialisation de la publication sur TikTok. Détails de l'erreur: {"data":{},"error":{"code":"access_token_invalid","message":"The access token is invalid or not found in the request.","log_id":"20230930181507D01A5034E22E2478D0E7"}}
2023-09-30 20:16:40,486 - Échec de l’initialisation de la publication sur TikTok. Détails de l'erreur: {"data":{},"error":{"code":"access_token_invalid","message":"The access token is invalid or not found in the request.","log_id":"2023093018164034ABF740A9CCEB79ABF3"}}
2023-09-30 20:17:33,130 - Échec de l’initialisation de la publication sur TikTok. Détails de l'erreur: {"data":{},"error":{"code":"access_token_invalid","message":"The access token is invalid or not found in the request.","log_id":"20230930181733C82821E8D93CBD9287B1"}}
2023-09-30 20:23:30,487 - Échec de l’initialisation de la publication sur TikTok. Détails de l'erreur: {"data":{},"error":{"code":"access_token_invalid","message":"The access token is invalid or not found in the request.","log_id":"20230930182330E8AE1E1A8BCA3F79564A"}}
2023-09-30 23:10:35,617 - Échec de la création du conteneur Instagram. Détails de l'erreur: {"error":{"message":"Only photo or video can be accepted as media type.","type":"OAuthException","code":9004,"error_subcode":2207052,"is_transient":false,"error_user_title":"\u00c9chec du t\u00e9l\u00e9chargement du m\u00e9dia","error_user_msg":"Le m\u00e9dia n\u2019a pas pu \u00eatre r\u00e9cup\u00e9r\u00e9 \u00e0 cette adresse URI\u00a0: \/Users\/morenocosani\/Documents\/temp_video\/The Cosmic Wheel Sisterhood - Test Express (Shorts).mp4_max_quality.mp4","fbtrace_id":"AXey58QOqvTR0FhMo-M0Usw"}}
2023-09-30 23:16:27,940 - Échec de la création du conteneur Instagram. Détails de l'erreur: {"error":{"message":"Only photo or video can be accepted as media type.","type":"OAuthException","code":9004,"error_subcode":2207052,"is_transient":false,"error_user_title":"\u00c9chec du t\u00e9l\u00e9chargement du m\u00e9dia","error_user_msg":"Le m\u00e9dia n\u2019a pas pu \u00eatre r\u00e9cup\u00e9r\u00e9 \u00e0 cette adresse URI\u00a0: \/Users\/morenocosani\/Documents\/temp_video\/The Cosmic Wheel Sisterhood - Test Express (Shorts).mp4_max_quality.mp4","fbtrace_id":"AJ-MrJzCo3_WHWrhC9exFFF"}}
2023-09-30 23:17:39,893 - Échec de la création du conteneur Instagram. Détails de l'erreur: {"error":{"message":"Only photo or video can be accepted as media type.","type":"OAuthException","code":9004,"error_subcode":2207052,"is_transient":false,"error_user_title":"\u00c9chec du t\u00e9l\u00e9chargement du m\u00e9dia","error_user_msg":"Le m\u00e9dia n\u2019a pas pu \u00eatre r\u00e9cup\u00e9r\u00e9 \u00e0 cette adresse URI\u00a0: \/Users\/morenocosani\/Documents\/temp_video\/The Cosmic Wheel Sisterhood - Test Express (Shorts).mp4_max_quality.mp4","fbtrace_id":"Alkf_zN62xwwyJfoen-fRre"}}
2023-09-30 23:21:02,699 - Échec de la création du conteneur Instagram. Détails de l'erreur: {"error":{"message":"Only photo or video can be accepted as media type.","type":"OAuthException","code":9004,"error_subcode":2207052,"is_transient":false,"error_user_title":"\u00c9chec du t\u00e9l\u00e9chargement du m\u00e9dia","error_user_msg":"Le m\u00e9dia n\u2019a pas pu \u00eatre r\u00e9cup\u00e9r\u00e9 \u00e0 cette adresse URI\u00a0: \/Users\/morenocosani\/Documents\/temp_video\/The Cosmic Wheel Sisterhood - Test Express (Shorts).mp4_max_quality.mp4","fbtrace_id":"A7csGhfetaGDDeRu1W-p6c3"}}
2023-09-30 23:24:52,364 - Échec de la création du conteneur Instagram. Détails de l'erreur: {"error":{"message":"Only photo or video can be accepted as media type.","type":"OAuthException","code":9004,"error_subcode":2207052,"is_transient":false,"error_user_title":"\u00c9chec du t\u00e9l\u00e9chargement du m\u00e9dia","error_user_msg":"Le m\u00e9dia n\u2019a pas pu \u00eatre r\u00e9cup\u00e9r\u00e9 \u00e0 cette adresse URI\u00a0: \/Users\/morenocosani\/Documents\/temp_video\/videoThe Cosmic Wheel Sisterhood - Test Express (Shorts).mp4_max_quality.mp4","fbtrace_id":"ATthAjc8iSEV70r8GsroQxk"}}
2023-09-30 23:27:06,427 - Échec de la création du conteneur Instagram. Détails de l'erreur: {"error":{"message":"Only photo or video can be accepted as media type.","type":"OAuthException","code":9004,"error_subcode":2207052,"is_transient":false,"error_user_title":"\u00c9chec du t\u00e9l\u00e9chargement du m\u00e9dia","error_user_msg":"Le m\u00e9dia n\u2019a pas pu \u00eatre r\u00e9cup\u00e9r\u00e9 \u00e0 cette adresse URI\u00a0: \/Users\/morenocosani\/Documents\/temp_video\/videoThe Cosmic Wheel Sisterhood - Test Express (Shorts)_max_quality.mp4","fbtrace_id":"A3SR5yEXRVb2BmNcvs4mmwI"}}
2023-09-30 23:32:40,437 - Échec de la création du conteneur Instagram. Détails de l'erreur: {"error":{"message":"(#100) The parameter video_url is required","type":"OAuthException","code":100,"fbtrace_id":"Af81D19Rv85XQkWFfLSBktS"}}
2023-09-30 23:33:55,028 - Échec de la publication de la vidéo sur Instagram. Détails de l'erreur: {"error":{"message":"Media ID is not available","type":"OAuthException","code":9007,"error_subcode":2207027,"is_transient":false,"error_user_title":"Impossible de publier","error_user_msg":"Le contenu n\u2019est pas pr\u00eat \u00e0 \u00eatre publi\u00e9, patientez un peu","fbtrace_id":"Azvlh4iICyVbNuPttlIhUQD"}}
2023-09-30 23:37:56,539 - Échec de la publication de la vidéo sur Instagram. Détails de l'erreur: {"error":{"message":"Media ID is not available","type":"OAuthException","code":9007,"error_subcode":2207027,"is_transient":false,"error_user_title":"Impossible de publier","error_user_msg":"Le contenu n\u2019est pas pr\u00eat \u00e0 \u00eatre publi\u00e9, patientez un peu","fbtrace_id":"ALNyfE-KZ3QpU5p9Z-0463A"}}
2023-10-01 00:09:18,088 - Media processing failed.
